0 info it worked if it ends with ok
1 verbose cli [ 'D:\\Nodejs\\node.exe',
1 verbose cli   'D:\\Nodejs\\node_modules\\npm\\bin\\npm-cli.js',
1 verbose cli   'run',
1 verbose cli   'dev' ]
2 info using npm@3.10.10
3 info using node@v6.11.0
4 verbose run-script [ 'predev', 'dev', 'postdev' ]
5 info lifecycle interface@1.0.0~predev: interface@1.0.0
6 silly lifecycle interface@1.0.0~predev: no script for predev, continuing
7 info lifecycle interface@1.0.0~dev: interface@1.0.0
8 verbose lifecycle interface@1.0.0~dev: unsafe-perm in lifecycle true
9 verbose lifecycle interface@1.0.0~dev: PATH: D:\Nodejs\node_modules\npm\bin\node-gyp-bin;F:\项目\Jz-CloudStorage\node_modules\.bin;G:\Cmder\bin;G:\Cmder\vendor\git-for-windows\cmd;G:\Cmder\vendor\conemu-maximus5\ConEmu\Scripts;G:\Cmder\vendor\conemu-maximus5;G:\Cmder\vendor\conemu-maximus5\ConEmu;C:\Program Files (x86)\Common Files\Intel\Shared Libraries\redist\intel64\compiler;C:\Windows\system32;C:\Windows;C:\Windows\System32\Wbem;C:\Windows\System32\WindowsPowerShell\v1.0\;C:\Program Files (x86)\NVIDIA Corporation\PhysX\Common;D:\Bin;D:\WebStorm-2016.2.3\WebStorm 2016.2.3\bin;D:\微信\WeChat;D:\MongoDB\bin;D:\sublime text 3\Sublime Text 3;D:\Nodejs\;C:\Program Files (x86)\Common Files\Intel\Shared Libraries\redist\intel64\compiler;C:\Windows\system32;C:\Windows;C:\Windows\System32\Wbem;C:\Windows\System32\WindowsPowerShell\v1.0\;C:\Program Files (x86)\NVIDIA Corporation\PhysX\Common;D:\Bin;D:\WebStorm-2016.2.3\WebStorm 2016.2.3\bin;D:\微信\WeChat;D:\MongoDB\bin;D:\sublime text 3\Sublime Text 3;C:\Users\Jerryz\AppData\Roaming\npm;G:\Cmder\vendor\git-for-windows\usr\bin;G:\Cmder\vendor\git-for-windows\usr\share\vim\vim74;G:\Cmder\
10 verbose lifecycle interface@1.0.0~dev: CWD: F:\项目\Jz-CloudStorage
11 silly lifecycle interface@1.0.0~dev: Args: [ '/d /s /c', 'node build/dev-server.js' ]
12 verbose stack Error: kill ENOSYS
12 verbose stack     at exports._errnoException (util.js:1018:11)
12 verbose stack     at process.kill (internal/process.js:190:13)
12 verbose stack     at process.listener (D:\Nodejs\node_modules\npm\node_modules\npmlog\node_modules\gauge\node_modules\signal-exit\index.js:86:15)
12 verbose stack     at emitNone (events.js:91:20)
12 verbose stack     at process.emit (events.js:185:7)
12 verbose stack     at processEmit (D:\Nodejs\node_modules\npm\node_modules\npmlog\node_modules\gauge\node_modules\signal-exit\index.js:146:32)
12 verbose stack     at processEmit (D:\Nodejs\node_modules\npm\node_modules\npm-registry-client\node_modules\npmlog\node_modules\gauge\node_modules\signal-exit\index.js:146:32)
12 verbose stack     at Signal.wrap.onsignal (internal/process.js:217:44)
13 verbose cwd F:\项目\Jz-CloudStorage
14 error Windows_NT 6.1.7601
15 error argv "D:\\Nodejs\\node.exe" "D:\\Nodejs\\node_modules\\npm\\bin\\npm-cli.js" "run" "dev"
16 error node v6.11.0
17 error npm  v3.10.10
18 error code ENOSYS
19 error errno ENOSYS
20 error syscall kill
21 error kill ENOSYS
22 error If you need help, you may report this error at:
22 error     <https://github.com/npm/npm/issues>
23 verbose exit [ 1, true ]
